Flow report for led_88
Wed Dec 26 16:47:10 2018
Quartus Prime Version 18.0.0 Build 614 04/24/2018 SJ Lite Edition


---------------------
; Table of Contents ;
---------------------
  1. Legal Notice
  2. Flow Summary
  3. Flow Settings
  4. Flow Non-Default Global Settings
  5. Flow Elapsed Time
  6. Flow OS Summary
  7. Flow Log
  8. Flow Messages
  9. Flow Suppressed Messages



----------------
; Legal Notice ;
----------------
Copyright (C) 2018  Intel Corporation. All rights reserved.
Your use of Intel Corporation's design tools, logic functions 
and other software and tools, and its AMPP partner logic 
functions, and any output files from any of the foregoing 
(including device programming or simulation files), and any 
associated documentation or information are expressly subject 
to the terms and conditions of the Intel Program License 
Subscription Agreement, the Intel Quartus Prime License Agreement,
the Intel FPGA IP License Agreement, or other applicable license
agreement, including, without limitation, that your use is for
the sole purpose of programming logic devices manufactured by
Intel and sold by Intel or its authorized distributors.  Please
refer to the applicable agreement for further details.



+---------------------------------------------------------------------+
; Flow Summary                                                        ;
+-----------------------+---------------------------------------------+
; Flow Status           ; Successful - Wed Dec 26 16:47:10 2018       ;
; Quartus Prime Version ; 18.0.0 Build 614 04/24/2018 SJ Lite Edition ;
; Revision Name         ; led_88                                      ;
; Top-level Entity Name ; led_88                                      ;
; Family                ; MAX II                                      ;
; Device                ; EPM1270T144C5                               ;
; Timing Models         ; Final                                       ;
; Total logic elements  ; 34 / 1,270 ( 3 % )                          ;
; Total pins            ; 36 / 116 ( 31 % )                           ;
; Total virtual pins    ; 0                                           ;
; UFM blocks            ; 0 / 1 ( 0 % )                               ;
+-----------------------+---------------------------------------------+


+-----------------------------------------+
; Flow Settings                           ;
+-------------------+---------------------+
; Option            ; Setting             ;
+-------------------+---------------------+
; Start date & time ; 12/26/2018 16:42:58 ;
; Main task         ; Compilation         ;
; Revision Name     ; led_88              ;
+-------------------+---------------------+


+-----------------------------------------------------------------------------------------------------------------------+
; Flow Non-Default Global Settings                                                                                      ;
+---------------------------------------+--------------------------------+---------------+-------------+----------------+
; Assignment Name                       ; Value                          ; Default Value ; Entity Name ; Section Id     ;
+---------------------------------------+--------------------------------+---------------+-------------+----------------+
; COMPILER_SIGNATURE_ID                 ; 93383156340175.154581377802552 ; --            ; --          ; --             ;
; EDA_DESIGN_INSTANCE_NAME              ; i1                             ; --            ; --          ; led_88_vlg_tst ;
; EDA_NATIVELINK_SIMULATION_TEST_BENCH  ; led_88_vlg_tst                 ; --            ; --          ; eda_simulation ;
; EDA_OUTPUT_DATA_FORMAT                ; Verilog Hdl                    ; --            ; --          ; eda_simulation ;
; EDA_SIMULATION_TOOL                   ; ModelSim-Altera (Verilog)      ; <None>        ; --          ; --             ;
; EDA_TEST_BENCH_ENABLE_STATUS          ; TEST_BENCH_MODE                ; --            ; --          ; eda_simulation ;
; EDA_TEST_BENCH_FILE                   ; simulation/modelsim/led_88.vt  ; --            ; --          ; led_88_vlg_tst ;
; EDA_TEST_BENCH_MODULE_NAME            ; led_88_vlg_tst                 ; --            ; --          ; led_88_vlg_tst ;
; EDA_TEST_BENCH_NAME                   ; led_88_vlg_tst                 ; --            ; --          ; eda_simulation ;
; EDA_TIME_SCALE                        ; 1 ps                           ; --            ; --          ; eda_simulation ;
; MAX_CORE_JUNCTION_TEMP                ; 85                             ; --            ; --          ; --             ;
; MIN_CORE_JUNCTION_TEMP                ; 0                              ; --            ; --          ; --             ;
; POWER_EXT_SUPPLY_VOLTAGE_TO_REGULATOR ; 3.3V                           ; --            ; --          ; --             ;
; POWER_PRESET_COOLING_SOLUTION         ; No Heat Sink With Still Air    ; --            ; --          ; --             ;
; PROJECT_OUTPUT_DIRECTORY              ; output_files                   ; --            ; --          ; --             ;
+---------------------------------------+--------------------------------+---------------+-------------+----------------+


+--------------------------------------------------------------------------------------------------------------------------+
; Flow Elapsed Time                                                                                                        ;
+----------------------+--------------+-------------------------+---------------------+------------------------------------+
; Module Name          ; Elapsed Time ; Average Processors Used ; Peak Virtual Memory ; Total CPU Time (on all processors) ;
+----------------------+--------------+-------------------------+---------------------+------------------------------------+
; Analysis & Synthesis ; 00:00:12     ; 1.0                     ; 4724 MB             ; 00:00:23                           ;
; Fitter               ; 00:00:02     ; 1.0                     ; 5372 MB             ; 00:00:02                           ;
; Assembler            ; 00:00:01     ; 1.0                     ; 4669 MB             ; 00:00:01                           ;
; Timing Analyzer      ; 00:00:02     ; 1.0                     ; 4696 MB             ; 00:00:02                           ;
; EDA Netlist Writer   ; 00:00:01     ; 1.0                     ; 4633 MB             ; 00:00:01                           ;
; EDA Netlist Writer   ; 00:00:03     ; 1.0                     ; 4625 MB             ; 00:00:01                           ;
; Total                ; 00:00:21     ; --                      ; --                  ; 00:00:30                           ;
+----------------------+--------------+-------------------------+---------------------+------------------------------------+


+------------------------------------------------------------------------------------+
; Flow OS Summary                                                                    ;
+----------------------+------------------+------------+------------+----------------+
; Module Name          ; Machine Hostname ; OS Name    ; OS Version ; Processor type ;
+----------------------+------------------+------------+------------+----------------+
; Analysis & Synthesis ; LAPTOP-CPLN77CG  ; Windows 10 ; 10.0       ; x86_64         ;
; Fitter               ; LAPTOP-CPLN77CG  ; Windows 10 ; 10.0       ; x86_64         ;
; Assembler            ; LAPTOP-CPLN77CG  ; Windows 10 ; 10.0       ; x86_64         ;
; Timing Analyzer      ; LAPTOP-CPLN77CG  ; Windows 10 ; 10.0       ; x86_64         ;
; EDA Netlist Writer   ; LAPTOP-CPLN77CG  ; Windows 10 ; 10.0       ; x86_64         ;
; EDA Netlist Writer   ; LAPTOP-CPLN77CG  ; Windows 10 ; 10.0       ; x86_64         ;
+----------------------+------------------+------------+------------+----------------+


------------
; Flow Log ;
------------
quartus_map --read_settings_files=on --write_settings_files=off led_88 -c led_88
quartus_fit --read_settings_files=off --write_settings_files=off led_88 -c led_88
quartus_asm --read_settings_files=off --write_settings_files=off led_88 -c led_88
quartus_sta led_88 -c led_88
quartus_eda --read_settings_files=off --write_settings_files=off led_88 -c led_88
quartus_eda --read_settings_files=on --write_settings_files=off led_88 -c led_88 --gen_testbench



